WARNING: A restricted method in java.lang.System has been called
WARNING: java.lang.System::load has been called by net.rubygrapefruit.platform.internal.NativeLibraryLoader in an unnamed module (file:/C:/Users/kirby/.gradle/wrapper/dists/gradle-8.13-bin/5xuhj0ry160q40clulazy9h7d/gradle-8.13/lib/native-platform-0.22-milestone-28.jar)
WARNING: Use --enable-native-access=ALL-UNNAMED to avoid a warning for callers in this module
WARNING: Restricted methods will be blocked in a future release unless native access is enabled

e: file:///C:/Users/kirby/AndroidStudioProjects/nowPlayinganalyzerPrime/app/src/main/java/com/girky/nowplayinganalyzer/ui/components/ResponsiveNavBar.kt:58:9 Unresolved reference 'Box'.
e: file:///C:/Users/kirby/AndroidStudioProjects/nowPlayinganalyzerPrime/app/src/main/java/com/girky/nowplayinganalyzer/ui/components/ResponsiveNavBar.kt:59:33 Unresolved reference 'fillMaxWidth'.
e: file:///C:/Users/kirby/AndroidStudioProjects/nowPlayinganalyzerPrime/app/src/main/java/com/girky/nowplayinganalyzer/ui/components/ResponsiveNavBar.kt:63:13 @Composable invocations can only happen from the context of a @Composable function

FAILURE: Build failed with an exception.

* What went wrong:
Execution failed for task ':app:compileDebugKotlin'.
> A failure occurred while executing org.jetbrains.kotlin.compilerRunner.GradleCompilerRunnerWithWorkers$GradleKotlinCompilerWorkAction
   > Compilation error. See log for more details

* Try:
> Run with --stacktrace option to get the stack trace.
> Run with --info or --debug option to get more log output.
> Run with --scan to get full insights.
> Get more help at https://help.gradle.org.

BUILD FAILED in 11s
